<?xml version="1.0" encoding="UTF-8"?>
<testsuite name="Regression Test"
           tests="2"
           failures="0"
           errors="0"
           skipped="0"
           time="8.314">
  <properties />
  
  
            <testcase name="verifyThatTheProductAddedSuccessfullyAndPlaceOrderSuccessfully" time="6.394" classname="com.nopcommerce.testsuite.ElectronicsMenuTest" />
                <testcase name="verifyUserShouldNavigateToCellPhonesPageSuccessfully" time="1.920" classname="com.nopcommerce.testsuite.ElectronicsMenuTest" />
      
</testsuite>
