<?xml version="1.0" encoding="UTF-8"?>
<testsuite name="Regression Test"
           tests="2"
           failures="0"
           errors="0"
           skipped="0"
           time="18.029">
  <properties />
  
  
            <testcase name="verifyProductArrangeInAlphabeticalOrder" time="1.687" classname="com.nopcommerce.testsuite.ComputerMenuTest" />
                <testcase name="verifyProductAddedToShoppingCartSuccessFully" time="16.342" classname="com.nopcommerce.testsuite.ComputerMenuTest" />
      
</testsuite>
